<?xml version="1.0" encoding="UTF-8"?>
<testsuite xmlns:xsi="http://www.w3.org/2001/XMLSchema-instance" xsi:noNamespaceSchemaLocation="https://maven.apache.org/surefire/maven-surefire-plugin/xsd/surefire-test-report-3.0.xsd" version="3.0" name="com.treizer.service.implementation.PlayerServiceTest" time="0.516" tests="13" errors="0" skipped="0" failures="0">
  <properties>
[...]
</properties>
  <testcase name="testDeleteByIdVoid" classname="com.treizer.service.implementation.PlayerServiceTest" time="0.247"/>
  <testcase name="testSaveVoid" classname="com.treizer.service.implementation.PlayerServiceTest" time="0.015"/>
  <testcase name="testFindAll" classname="com.treizer.service.implementation.PlayerServiceTest" time="0.032">
    <system-out><![CDATA[ -> Obteniendo Listado Player / Mock
]]></system-out>
  </testcase>
  <testcase name="testSave" classname="com.treizer.service.implementation.PlayerServiceTest" time="0.015"/>
  <testcase name="testDeleteByIdError" classname="com.treizer.service.implementation.PlayerServiceTest" time="0.035"/>
  <testcase name="testUpdateErrorWithId" classname="com.treizer.service.implementation.PlayerServiceTest" time="0.024"/>
  <testcase name="testFindById" classname="com.treizer.service.implementation.PlayerServiceTest" time="0.016"/>
  <testcase name="testUpdateErrorWithoutId" classname="com.treizer.service.implementation.PlayerServiceTest" time="0.008"/>
  <testcase name="testUpdateWithId" classname="com.treizer.service.implementation.PlayerServiceTest" time="0.016"/>
  <testcase name="testFindByIdError" classname="com.treizer.service.implementation.PlayerServiceTest" time="0.0"/>
  <testcase name="testSaveError" classname="com.treizer.service.implementation.PlayerServiceTest" time="0.062"/>
  <testcase name="testDeleteById" classname="com.treizer.service.implementation.PlayerServiceTest" time="0.0"/>
  <testcase name="testUpdateWithoutId" classname="com.treizer.service.implementation.PlayerServiceTest" time="0.0"/>
</testsuite>